2024-11-09 13:51:13,846 INFO o.a.j.u.JMeterUtils: Setting Locale to en_EN
2024-11-09 13:51:13,863 INFO o.a.j.JMeter: Loading user properties from: /opt/homebrew/Cellar/jmeter/5.6.3/libexec/bin/user.properties
2024-11-09 13:51:13,863 INFO o.a.j.JMeter: Loading system properties from: /opt/homebrew/Cellar/jmeter/5.6.3/libexec/bin/system.properties
2024-11-09 13:51:13,870 INFO o.a.j.JMeter: Copyright (c) 1998-2024 The Apache Software Foundation
2024-11-09 13:51:13,870 INFO o.a.j.JMeter: Version 5.6.3
2024-11-09 13:51:13,870 INFO o.a.j.JMeter: java.version=21.0.5
2024-11-09 13:51:13,871 INFO o.a.j.JMeter: java.vm.name=OpenJDK 64-Bit Server VM
2024-11-09 13:51:13,871 INFO o.a.j.JMeter: os.name=Mac OS X
2024-11-09 13:51:13,871 INFO o.a.j.JMeter: os.arch=aarch64
2024-11-09 13:51:13,871 INFO o.a.j.JMeter: os.version=15.0.1
2024-11-09 13:51:13,871 INFO o.a.j.JMeter: file.encoding=UTF-8
2024-11-09 13:51:13,871 INFO o.a.j.JMeter: java.awt.headless=null
2024-11-09 13:51:13,871 INFO o.a.j.JMeter: Max memory     =1073741824
2024-11-09 13:51:13,871 INFO o.a.j.JMeter: Available Processors =8
2024-11-09 13:51:13,877 INFO o.a.j.JMeter: Default Locale=English (EN)
2024-11-09 13:51:13,877 INFO o.a.j.JMeter: JMeter  Locale=English (EN)
2024-11-09 13:51:13,878 INFO o.a.j.JMeter: JMeterHome=/opt/homebrew/Cellar/jmeter/5.6.3/libexec
2024-11-09 13:51:13,878 INFO o.a.j.JMeter: user.dir  =/Users/kw/project/RPC-Framework
2024-11-09 13:51:13,878 INFO o.a.j.JMeter: PWD       =/Users/kw/project/RPC-Framework
2024-11-09 13:51:13,881 INFO o.a.j.JMeter: IP: 10.0.0.52 Name: KWMBP FullName: 10.0.0.52
2024-11-09 13:51:13,892 INFO o.a.j.JMeter: Loaded icon properties from org/apache/jmeter/images/icon.properties
2024-11-09 13:51:14,300 INFO o.a.j.JMeterGuiLauncher: Setting LAF to: com.github.weisj.darklaf.DarkLaf:com.github.weisj.darklaf.theme.DarculaTheme
2024-11-09 13:51:15,572 INFO o.a.j.r.ClassFinder: Will scan jar /opt/homebrew/Cellar/jmeter/5.6.3/libexec/lib/ext/jmeter-plugins-manager-1.9.jar with filter ExtendsClassFilter [parents=[interface org.apache.jmeter.gui.action.Command], inner=false, contains=null, notContains=null]. Consider exposing JMeter plugins via META-INF/services, and add JMeter-Skip-Class-Scanning=true manifest attribute so JMeter can skip classfile scanning
2024-11-09 13:51:15,744 INFO o.a.j.r.ClassFinder: Will scan jar /opt/homebrew/Cellar/jmeter/5.6.3/libexec/lib/ext/jmeter-plugins-manager-1.9.jar with filter ExtendsClassFilter [parents=[interface org.apache.jmeter.gui.plugin.MenuCreator], inner=false, contains=null, notContains=null]. Consider exposing JMeter plugins via META-INF/services, and add JMeter-Skip-Class-Scanning=true manifest attribute so JMeter can skip classfile scanning
2024-11-09 13:51:15,837 INFO o.j.r.JARSourceHTTP: Found cached repo
2024-11-09 13:51:15,945 INFO o.j.r.PluginManager: Plugins Status: [jpgc-plugins-manager=1.9, jmeter-core=5.6.3, jmeter-ftp=5.6.3, jmeter-http=5.6.3, jmeter-jdbc=5.6.3, jmeter-jms=5.6.3, jmeter-junit=5.6.3, jmeter-java=5.6.3, jmeter-ldap=5.6.3, jmeter-mail=5.6.3, jmeter-mongodb=5.6.3, jmeter-native=5.6.3, jmeter-tcp=5.6.3, jmeter-components=5.6.3]
2024-11-09 13:51:15,946 INFO o.j.r.PluginManagerMenuItem: Plugins Manager has upgrades: [jpgc-plugins-manager]
2024-11-09 13:51:38,672 INFO o.a.j.s.FileServer: Default base='/Users/kw/project/RPC-Framework'
2024-11-09 13:51:38,675 INFO o.a.j.g.a.Load: Loading file: /Users/kw/project/RPC-Framework/View Results Tree.jmx
2024-11-09 13:51:38,675 INFO o.a.j.s.FileServer: Set new base='/Users/kw/project/RPC-Framework'
2024-11-09 13:51:38,785 INFO o.a.j.s.SaveService: Testplan (JMX) version: 2.2. Testlog (JTL) version: 2.2
2024-11-09 13:51:38,790 INFO o.a.j.s.SaveService: Using SaveService properties version 5.0
2024-11-09 13:51:38,791 INFO o.a.j.s.SaveService: Using SaveService properties file encoding UTF-8
2024-11-09 13:51:38,791 INFO o.a.j.s.SaveService: Loading file: /Users/kw/project/RPC-Framework/View Results Tree.jmx
2024-11-09 13:51:38,847 INFO o.a.j.p.h.s.HTTPSamplerBase: Parser for text/html is org.apache.jmeter.protocol.http.parser.LagartoBasedHtmlParser
2024-11-09 13:51:38,847 INFO o.a.j.p.h.s.HTTPSamplerBase: Parser for application/xhtml+xml is org.apache.jmeter.protocol.http.parser.LagartoBasedHtmlParser
2024-11-09 13:51:38,847 INFO o.a.j.p.h.s.HTTPSamplerBase: Parser for application/xml is org.apache.jmeter.protocol.http.parser.LagartoBasedHtmlParser
2024-11-09 13:51:38,847 INFO o.a.j.p.h.s.HTTPSamplerBase: Parser for text/xml is org.apache.jmeter.protocol.http.parser.LagartoBasedHtmlParser
2024-11-09 13:51:38,847 INFO o.a.j.p.h.s.HTTPSamplerBase: Parser for text/vnd.wap.wml is org.apache.jmeter.protocol.http.parser.RegexpHTMLParser
2024-11-09 13:51:38,848 INFO o.a.j.p.h.s.HTTPSamplerBase: Parser for text/css is org.apache.jmeter.protocol.http.parser.CssParser
2024-11-09 13:51:38,924 INFO o.a.j.s.SampleResult: Note: Sample TimeStamps are START times
2024-11-09 13:51:38,924 INFO o.a.j.s.SampleResult: sampleresult.default.encoding is set to UTF-8
2024-11-09 13:51:38,924 INFO o.a.j.s.SampleResult: sampleresult.useNanoTime=true
2024-11-09 13:51:38,924 INFO o.a.j.s.SampleResult: sampleresult.nanoThreadSleep=5000
2024-11-09 13:51:38,987 INFO o.a.j.r.ClassFinder: Will scan jar /opt/homebrew/Cellar/jmeter/5.6.3/libexec/lib/ext/jmeter-plugins-manager-1.9.jar with filter ExtendsClassFilter [parents=[interface org.apache.jmeter.visualizers.ResultRenderer], inner=false, contains=null, notContains=null]. Consider exposing JMeter plugins via META-INF/services, and add JMeter-Skip-Class-Scanning=true manifest attribute so JMeter can skip classfile scanning
2024-11-09 13:51:39,009 INFO o.a.j.r.ClassFinder: Will scan jar /opt/homebrew/Cellar/jmeter/5.6.3/libexec/lib/ext/jmeter-plugins-manager-1.9.jar with filter ExtendsClassFilter [parents=[interface org.apache.jmeter.visualizers.RequestView], inner=false, contains=null, notContains=null]. Consider exposing JMeter plugins via META-INF/services, and add JMeter-Skip-Class-Scanning=true manifest attribute so JMeter can skip classfile scanning
2024-11-09 13:51:39,131 INFO o.a.j.s.FileServer: Set new base='/Users/kw/project/RPC-Framework'
2024-11-09 13:51:46,306 INFO o.a.j.e.StandardJMeterEngine: Running the test!
2024-11-09 13:51:46,308 INFO o.a.j.s.SampleEvent: List of sample_variables: []
2024-11-09 13:51:46,308 INFO o.a.j.s.SampleEvent: List of sample_variables: []
2024-11-09 13:51:46,308 INFO o.a.j.e.u.CompoundVariable: Note: Function class names must contain the string: '.functions.'
2024-11-09 13:51:46,309 INFO o.a.j.e.u.CompoundVariable: Note: Function class names must not contain the string: '.gui.'
2024-11-09 13:51:46,356 INFO o.a.j.r.ClassFinder: Will scan jar /opt/homebrew/Cellar/jmeter/5.6.3/libexec/lib/ext/jmeter-plugins-manager-1.9.jar with filter ExtendsClassFilter [parents=[interface org.apache.jmeter.functions.Function], inner=false, contains=null, notContains=null]. Consider exposing JMeter plugins via META-INF/services, and add JMeter-Skip-Class-Scanning=true manifest attribute so JMeter can skip classfile scanning
2024-11-09 13:51:46,369 INFO o.a.j.g.u.JMeterMenuBar: setRunning(true, *local*)
2024-11-09 13:51:46,497 INFO o.a.j.e.StandardJMeterEngine: Starting ThreadGroup: 1 : Thread Group
2024-11-09 13:51:46,498 INFO o.a.j.e.StandardJMeterEngine: Starting 50 threads for group Thread Group.
2024-11-09 13:51:46,498 INFO o.a.j.e.StandardJMeterEngine: Thread will continue on error
2024-11-09 13:51:46,498 INFO o.a.j.t.ThreadGroup: Starting thread group... number=1 threads=50 ramp-up=100 delayedStart=false
2024-11-09 13:51:46,507 INFO o.a.j.t.JMeterThread: Thread started: Thread Group 1-1
2024-11-09 13:51:46,508 INFO o.a.j.s.FileServer: Stored: /Users/kw/Downloads/testdata.csv
2024-11-09 13:51:46,527 INFO o.a.j.p.h.s.HTTPJavaImpl: Maximum connection retries = 0
2024-11-09 13:51:46,529 INFO o.a.j.t.ThreadGroup: Started thread group number 1
2024-11-09 13:51:46,529 INFO o.a.j.e.StandardJMeterEngine: Waiting for thread group: Thread Group to finish before starting next group
2024-11-09 13:51:47,630 INFO o.a.j.p.h.s.HTTPHCAbstractImpl: Local host = KWMBP
2024-11-09 13:51:47,640 INFO o.a.j.p.h.s.HTTPHC4Impl: HTTP request retry count = 0
2024-11-09 13:51:48,503 INFO o.a.j.t.JMeterThread: Thread started: Thread Group 1-2
2024-11-09 13:51:50,504 INFO o.a.j.t.JMeterThread: Thread started: Thread Group 1-3
2024-11-09 13:51:52,501 INFO o.a.j.t.JMeterThread: Thread started: Thread Group 1-4
2024-11-09 13:51:54,502 INFO o.a.j.t.JMeterThread: Thread started: Thread Group 1-5
2024-11-09 13:51:56,505 INFO o.a.j.t.JMeterThread: Thread started: Thread Group 1-6
2024-11-09 13:51:58,502 INFO o.a.j.t.JMeterThread: Thread started: Thread Group 1-7
2024-11-09 13:52:00,505 INFO o.a.j.t.JMeterThread: Thread started: Thread Group 1-8
2024-11-09 13:52:02,501 INFO o.a.j.t.JMeterThread: Thread started: Thread Group 1-9
2024-11-09 13:52:04,507 INFO o.a.j.t.JMeterThread: Thread started: Thread Group 1-10
2024-11-09 13:52:06,502 INFO o.a.j.t.JMeterThread: Thread started: Thread Group 1-11
2024-11-09 13:52:08,503 INFO o.a.j.t.JMeterThread: Thread started: Thread Group 1-12
2024-11-09 13:52:10,502 INFO o.a.j.t.JMeterThread: Thread started: Thread Group 1-13
2024-11-09 13:52:12,504 INFO o.a.j.t.JMeterThread: Thread started: Thread Group 1-14
2024-11-09 13:52:14,503 INFO o.a.j.t.JMeterThread: Thread started: Thread Group 1-15
2024-11-09 13:52:16,503 INFO o.a.j.t.JMeterThread: Thread started: Thread Group 1-16
2024-11-09 13:52:18,500 INFO o.a.j.t.JMeterThread: Thread started: Thread Group 1-17
2024-11-09 13:52:20,504 INFO o.a.j.t.JMeterThread: Thread started: Thread Group 1-18
2024-11-09 13:52:22,504 INFO o.a.j.t.JMeterThread: Thread started: Thread Group 1-19
2024-11-09 13:52:24,504 INFO o.a.j.t.JMeterThread: Thread started: Thread Group 1-20
2024-11-09 13:52:26,502 INFO o.a.j.t.JMeterThread: Thread started: Thread Group 1-21
2024-11-09 13:52:28,499 INFO o.a.j.t.JMeterThread: Thread started: Thread Group 1-22
2024-11-09 13:52:30,500 INFO o.a.j.t.JMeterThread: Thread started: Thread Group 1-23
2024-11-09 13:52:32,503 INFO o.a.j.t.JMeterThread: Thread started: Thread Group 1-24
2024-11-09 13:52:34,501 INFO o.a.j.t.JMeterThread: Thread started: Thread Group 1-25
2024-11-09 13:52:36,504 INFO o.a.j.t.JMeterThread: Thread started: Thread Group 1-26
2024-11-09 13:52:38,505 INFO o.a.j.t.JMeterThread: Thread started: Thread Group 1-27
2024-11-09 13:52:40,505 INFO o.a.j.t.JMeterThread: Thread started: Thread Group 1-28
2024-11-09 13:52:42,509 INFO o.a.j.t.JMeterThread: Thread started: Thread Group 1-29
2024-11-09 13:52:44,503 INFO o.a.j.t.JMeterThread: Thread started: Thread Group 1-30
2024-11-09 13:52:46,502 INFO o.a.j.t.JMeterThread: Thread started: Thread Group 1-31
2024-11-09 13:52:48,505 INFO o.a.j.t.JMeterThread: Thread started: Thread Group 1-32
2024-11-09 13:52:50,504 INFO o.a.j.t.JMeterThread: Thread started: Thread Group 1-33
2024-11-09 13:52:52,504 INFO o.a.j.t.JMeterThread: Thread started: Thread Group 1-34
2024-11-09 13:52:54,500 INFO o.a.j.t.JMeterThread: Thread started: Thread Group 1-35
2024-11-09 13:52:55,864 ERROR o.a.j.p.h.s.HTTPJavaImpl: readResponse: java.io.IOException: Server returned HTTP response code: 500 for URL: http://127.0.0.1:8080/api/v1/users
2024-11-09 13:52:55,864 ERROR o.a.j.p.h.s.HTTPJavaImpl: Cause: java.io.IOException: Server returned HTTP response code: 500 for URL: http://127.0.0.1:8080/api/v1/users
2024-11-09 13:52:55,864 INFO o.a.j.p.h.s.HTTPJavaImpl: Error Response Code: 500
2024-11-09 13:52:56,500 INFO o.a.j.t.JMeterThread: Thread started: Thread Group 1-36
2024-11-09 13:52:58,505 INFO o.a.j.t.JMeterThread: Thread started: Thread Group 1-37
2024-11-09 13:53:00,503 INFO o.a.j.t.JMeterThread: Thread started: Thread Group 1-38
2024-11-09 13:53:02,504 INFO o.a.j.t.JMeterThread: Thread started: Thread Group 1-39
2024-11-09 13:53:04,502 INFO o.a.j.t.JMeterThread: Thread started: Thread Group 1-40
2024-11-09 13:53:06,504 INFO o.a.j.t.JMeterThread: Thread started: Thread Group 1-41
2024-11-09 13:53:08,505 INFO o.a.j.t.JMeterThread: Thread started: Thread Group 1-42
2024-11-09 13:53:10,503 INFO o.a.j.t.JMeterThread: Thread started: Thread Group 1-43
2024-11-09 13:53:12,503 INFO o.a.j.t.JMeterThread: Thread started: Thread Group 1-44
2024-11-09 13:53:14,504 INFO o.a.j.t.JMeterThread: Thread started: Thread Group 1-45
2024-11-09 13:53:14,574 INFO o.a.j.g.a.Start: Stopping test
2024-11-09 13:53:14,596 INFO o.a.j.t.JMeterThread: Stopping: Thread Group 1-36
2024-11-09 13:53:14,596 WARN o.a.j.t.JMeterThread: Interrupting: Thread Group 1-36 sampler: HTTP Request add a user
2024-11-09 13:53:14,598 INFO o.a.j.t.JMeterThread: Stopping: Thread Group 1-2
2024-11-09 13:53:14,598 WARN o.a.j.t.JMeterThread: Interrupting: Thread Group 1-2 sampler: HTTP Request add a user
2024-11-09 13:53:14,600 INFO o.a.j.t.JMeterThread: Stopping: Thread Group 1-11
2024-11-09 13:53:14,600 WARN o.a.j.t.JMeterThread: Interrupting: Thread Group 1-11 sampler: HTTP Request add a user
2024-11-09 13:53:14,600 INFO o.a.j.t.JMeterThread: Stopping: Thread Group 1-34
2024-11-09 13:53:14,600 WARN o.a.j.t.JMeterThread: Interrupting: Thread Group 1-34 sampler: HTTP Request add a user
2024-11-09 13:53:14,600 INFO o.a.j.t.JMeterThread: Stopping: Thread Group 1-27
2024-11-09 13:53:14,600 ERROR o.a.j.p.h.s.HTTPJavaImpl: readResponse: java.net.SocketException: Socket closed
2024-11-09 13:53:14,600 ERROR o.a.j.p.h.s.HTTPJavaImpl: readResponse: java.net.SocketException: Socket closed
2024-11-09 13:53:14,600 ERROR o.a.j.p.h.s.HTTPJavaImpl: readResponse: java.net.SocketException: Socket closed
2024-11-09 13:53:14,600 ERROR o.a.j.p.h.s.HTTPJavaImpl: readResponse: java.net.SocketException: Socket closed
2024-11-09 13:53:14,600 WARN o.a.j.t.JMeterThread: Interrupting: Thread Group 1-27 sampler: HTTP Request add a user
2024-11-09 13:53:14,600 ERROR o.a.j.p.h.s.HTTPJavaImpl: Cause: java.net.SocketException: Socket closed
2024-11-09 13:53:14,600 ERROR o.a.j.p.h.s.HTTPJavaImpl: Cause: java.net.SocketException: Socket closed
2024-11-09 13:53:14,600 ERROR o.a.j.p.h.s.HTTPJavaImpl: Cause: java.net.SocketException: Socket closed
2024-11-09 13:53:14,600 ERROR o.a.j.p.h.s.HTTPJavaImpl: Cause: java.net.SocketException: Socket closed
2024-11-09 13:53:14,601 INFO o.a.j.t.JMeterThread: Stopping: Thread Group 1-23
2024-11-09 13:53:14,601 WARN o.a.j.t.JMeterThread: Interrupting: Thread Group 1-23 sampler: HTTP Request add a user
2024-11-09 13:53:14,601 ERROR o.a.j.p.h.s.HTTPJavaImpl: readResponse: java.net.SocketException: Socket closed
2024-11-09 13:53:14,601 ERROR o.a.j.p.h.s.HTTPJavaImpl: Cause: java.net.SocketException: Socket closed
2024-11-09 13:53:14,601 INFO o.a.j.t.JMeterThread: Stopping: Thread Group 1-14
2024-11-09 13:53:14,601 ERROR o.a.j.p.h.s.HTTPJavaImpl: readResponse: java.net.SocketException: Socket closed
2024-11-09 13:53:14,601 ERROR o.a.j.p.h.s.HTTPJavaImpl: Cause: java.net.SocketException: Socket closed
2024-11-09 13:53:14,601 WARN o.a.j.t.JMeterThread: Interrupting: Thread Group 1-14 sampler: HTTP Request add a user
2024-11-09 13:53:14,601 INFO o.a.j.t.JMeterThread: Stopping: Thread Group 1-31
2024-11-09 13:53:14,601 ERROR o.a.j.p.h.s.HTTPJavaImpl: readResponse: java.net.SocketException: Socket closed
2024-11-09 13:53:14,601 WARN o.a.j.t.JMeterThread: Interrupting: Thread Group 1-31 sampler: HTTP Request add a blog
2024-11-09 13:53:14,601 ERROR o.a.j.p.h.s.HTTPJavaImpl: Cause: java.net.SocketException: Socket closed
2024-11-09 13:53:14,602 INFO o.a.j.t.JMeterThread: Thread finished: Thread Group 1-23
2024-11-09 13:53:14,602 INFO o.a.j.t.JMeterThread: Thread finished: Thread Group 1-36
2024-11-09 13:53:14,602 INFO o.a.j.t.JMeterThread: Thread finished: Thread Group 1-34
2024-11-09 13:53:14,602 INFO o.a.j.t.JMeterThread: Thread finished: Thread Group 1-27
2024-11-09 13:53:14,602 INFO o.a.j.t.JMeterThread: Thread finished: Thread Group 1-14
2024-11-09 13:53:14,602 INFO o.a.j.t.JMeterThread: Thread finished: Thread Group 1-11
2024-11-09 13:53:14,603 INFO o.a.j.t.JMeterThread: Stopping: Thread Group 1-38
2024-11-09 13:53:14,603 WARN o.a.j.t.JMeterThread: Interrupting: Thread Group 1-38 sampler: HTTP Request add a user
2024-11-09 13:53:14,603 INFO o.a.j.t.JMeterThread: Thread finished: Thread Group 1-2
2024-11-09 13:53:14,603 INFO o.a.j.t.JMeterThread: Stopping: Thread Group 1-21
2024-11-09 13:53:14,603 WARN o.a.j.t.JMeterThread: Interrupting: Thread Group 1-21 sampler: HTTP Request add a user
2024-11-09 13:53:14,611 INFO o.a.j.t.JMeterThread: Stopping: Thread Group 1-25
2024-11-09 13:53:14,612 WARN o.a.j.t.JMeterThread: Interrupting: Thread Group 1-25 sampler: HTTP Request add a user
2024-11-09 13:53:14,612 ERROR o.a.j.p.h.s.HTTPJavaImpl: readResponse: java.net.SocketException: Socket closed
2024-11-09 13:53:14,612 ERROR o.a.j.p.h.s.HTTPJavaImpl: Cause: java.net.SocketException: Socket closed
2024-11-09 13:53:14,612 INFO o.a.j.t.JMeterThread: Thread finished: Thread Group 1-38
2024-11-09 13:53:14,612 ERROR o.a.j.p.h.s.HTTPJavaImpl: readResponse: java.net.SocketException: Socket closed
2024-11-09 13:53:14,612 INFO o.a.j.t.JMeterThread: Stopping: Thread Group 1-40
2024-11-09 13:53:14,612 ERROR o.a.j.p.h.s.HTTPJavaImpl: Cause: java.net.SocketException: Socket closed
2024-11-09 13:53:14,613 WARN o.a.j.t.JMeterThread: Interrupting: Thread Group 1-40 sampler: HTTP Request add a user
2024-11-09 13:53:14,613 ERROR o.a.j.p.h.s.HTTPJavaImpl: readResponse: java.net.SocketException: Socket closed
2024-11-09 13:53:14,613 INFO o.a.j.t.JMeterThread: Stopping: Thread Group 1-41
2024-11-09 13:53:14,613 INFO o.a.j.t.JMeterThread: Thread finished: Thread Group 1-21
2024-11-09 13:53:14,613 ERROR o.a.j.p.h.s.HTTPJavaImpl: Cause: java.net.SocketException: Socket closed
2024-11-09 13:53:14,613 ERROR o.a.j.p.h.s.HTTPJavaImpl: readResponse: java.net.SocketException: Socket closed
2024-11-09 13:53:14,613 ERROR o.a.j.p.h.s.HTTPJavaImpl: Cause: java.net.SocketException: Socket closed
2024-11-09 13:53:14,613 WARN o.a.j.t.JMeterThread: Interrupting: Thread Group 1-41 sampler: HTTP Request add a user
2024-11-09 13:53:14,613 INFO o.a.j.t.JMeterThread: Thread finished: Thread Group 1-25
2024-11-09 13:53:14,613 INFO o.a.j.t.JMeterThread: Thread finished: Thread Group 1-31
2024-11-09 13:53:14,614 INFO o.a.j.t.JMeterThread: Thread finished: Thread Group 1-40
2024-11-09 13:53:14,614 INFO o.a.j.t.JMeterThread: Stopping: Thread Group 1-35
2024-11-09 13:53:14,614 WARN o.a.j.t.JMeterThread: Interrupting: Thread Group 1-35 sampler: HTTP Request add a user
2024-11-09 13:53:14,614 ERROR o.a.j.p.h.s.HTTPJavaImpl: readResponse: java.net.SocketException: Socket closed
2024-11-09 13:53:14,614 ERROR o.a.j.p.h.s.HTTPJavaImpl: Cause: java.net.SocketException: Socket closed
2024-11-09 13:53:14,614 INFO o.a.j.t.JMeterThread: Stopping: Thread Group 1-7
2024-11-09 13:53:14,614 WARN o.a.j.t.JMeterThread: Interrupting: Thread Group 1-7 sampler: HTTP Request add a user
2024-11-09 13:53:14,614 INFO o.a.j.t.JMeterThread: Stopping: Thread Group 1-10
2024-11-09 13:53:14,614 ERROR o.a.j.p.h.s.HTTPJavaImpl: readResponse: java.net.SocketException: Socket closed
2024-11-09 13:53:14,614 WARN o.a.j.t.JMeterThread: Interrupting: Thread Group 1-10 sampler: HTTP Request add a user
2024-11-09 13:53:14,614 INFO o.a.j.t.JMeterThread: Thread finished: Thread Group 1-41
2024-11-09 13:53:14,614 ERROR o.a.j.p.h.s.HTTPJavaImpl: Cause: java.net.SocketException: Socket closed
2024-11-09 13:53:14,614 ERROR o.a.j.p.h.s.HTTPJavaImpl: readResponse: java.net.SocketException: Socket closed
2024-11-09 13:53:14,614 INFO o.a.j.t.JMeterThread: Stopping: Thread Group 1-9
2024-11-09 13:53:14,614 ERROR o.a.j.p.h.s.HTTPJavaImpl: readResponse: java.net.SocketException: Socket closed
2024-11-09 13:53:14,614 WARN o.a.j.t.JMeterThread: Interrupting: Thread Group 1-9 sampler: HTTP Request add a user
2024-11-09 13:53:14,614 ERROR o.a.j.p.h.s.HTTPJavaImpl: Cause: java.net.SocketException: Socket closed
2024-11-09 13:53:14,614 ERROR o.a.j.p.h.s.HTTPJavaImpl: Cause: java.net.SocketException: Socket closed
2024-11-09 13:53:14,615 INFO o.a.j.t.JMeterThread: Thread finished: Thread Group 1-35
2024-11-09 13:53:14,615 INFO o.a.j.t.JMeterThread: Stopping: Thread Group 1-49
2024-11-09 13:53:14,615 INFO o.a.j.t.JMeterThread: Stopping: Thread Group 1-28
2024-11-09 13:53:14,615 WARN o.a.j.t.JMeterThread: Interrupting: Thread Group 1-28 sampler: HTTP Request add a blog
2024-11-09 13:53:14,615 INFO o.a.j.t.JMeterThread: Thread finished: Thread Group 1-7
2024-11-09 13:53:14,615 ERROR o.a.j.p.h.s.HTTPJavaImpl: readResponse: java.net.SocketException: Socket closed
2024-11-09 13:53:14,615 ERROR o.a.j.p.h.s.HTTPJavaImpl: Cause: java.net.SocketException: Socket closed
2024-11-09 13:53:14,615 INFO o.a.j.t.JMeterThread: Thread finished: Thread Group 1-10
2024-11-09 13:53:14,615 INFO o.a.j.t.JMeterThread: Thread started: Thread Group 1-49
2024-11-09 13:53:14,615 INFO o.a.j.t.JMeterThread: Stopping: Thread Group 1-39
2024-11-09 13:53:14,615 WARN o.a.j.t.JMeterThread: Interrupting: Thread Group 1-39 sampler: HTTP Request add a user
2024-11-09 13:53:14,615 INFO o.a.j.t.JMeterThread: Thread finished: Thread Group 1-49
2024-11-09 13:53:14,615 INFO o.a.j.t.JMeterThread: Stopping: Thread Group 1-17
2024-11-09 13:53:14,615 WARN o.a.j.t.JMeterThread: Interrupting: Thread Group 1-17 sampler: HTTP Request add a user
2024-11-09 13:53:14,615 ERROR o.a.j.p.h.s.HTTPJavaImpl: readResponse: java.net.SocketException: Socket closed
2024-11-09 13:53:14,615 INFO o.a.j.t.JMeterThread: Thread finished: Thread Group 1-28
2024-11-09 13:53:14,615 ERROR o.a.j.p.h.s.HTTPJavaImpl: Cause: java.net.SocketException: Socket closed
2024-11-09 13:53:14,615 INFO o.a.j.t.JMeterThread: Stopping: Thread Group 1-4
2024-11-09 13:53:14,615 INFO o.a.j.t.JMeterThread: Thread finished: Thread Group 1-9
2024-11-09 13:53:14,616 WARN o.a.j.t.JMeterThread: Interrupting: Thread Group 1-4 sampler: HTTP Request add a user
2024-11-09 13:53:14,616 ERROR o.a.j.p.h.s.HTTPJavaImpl: readResponse: java.net.SocketException: Socket closed
2024-11-09 13:53:14,616 ERROR o.a.j.p.h.s.HTTPJavaImpl: readResponse: java.net.SocketException: Socket closed
2024-11-09 13:53:14,616 INFO o.a.j.t.JMeterThread: Stopping: Thread Group 1-50
2024-11-09 13:53:14,616 INFO o.a.j.t.JMeterThread: Thread finished: Thread Group 1-39
2024-11-09 13:53:14,616 ERROR o.a.j.p.h.s.HTTPJavaImpl: Cause: java.net.SocketException: Socket closed
2024-11-09 13:53:14,616 INFO o.a.j.t.JMeterThread: Thread started: Thread Group 1-50
2024-11-09 13:53:14,616 ERROR o.a.j.p.h.s.HTTPJavaImpl: Cause: java.net.SocketException: Socket closed
2024-11-09 13:53:14,616 INFO o.a.j.t.JMeterThread: Thread finished: Thread Group 1-50
2024-11-09 13:53:14,616 INFO o.a.j.t.JMeterThread: Stopping: Thread Group 1-43
2024-11-09 13:53:14,616 WARN o.a.j.t.JMeterThread: Interrupting: Thread Group 1-43 sampler: HTTP Request add a user
2024-11-09 13:53:14,616 INFO o.a.j.t.JMeterThread: Stopping: Thread Group 1-5
2024-11-09 13:53:14,616 WARN o.a.j.t.JMeterThread: Interrupting: Thread Group 1-5 sampler: HTTP Request add a user
2024-11-09 13:53:14,616 ERROR o.a.j.p.h.s.HTTPJavaImpl: readResponse: java.net.SocketException: Socket closed
2024-11-09 13:53:14,616 INFO o.a.j.t.JMeterThread: Thread finished: Thread Group 1-17
2024-11-09 13:53:14,616 ERROR o.a.j.p.h.s.HTTPJavaImpl: Cause: java.net.SocketException: Socket closed
2024-11-09 13:53:14,616 INFO o.a.j.t.JMeterThread: Stopping: Thread Group 1-6
2024-11-09 13:53:14,616 WARN o.a.j.t.JMeterThread: Interrupting: Thread Group 1-6 sampler: HTTP Request add a user
2024-11-09 13:53:14,616 ERROR o.a.j.p.h.s.HTTPJavaImpl: readResponse: java.net.SocketException: Socket closed
2024-11-09 13:53:14,616 ERROR o.a.j.p.h.s.HTTPJavaImpl: Cause: java.net.SocketException: Socket closed
2024-11-09 13:53:14,616 INFO o.a.j.t.JMeterThread: Thread finished: Thread Group 1-4
2024-11-09 13:53:14,617 INFO o.a.j.t.JMeterThread: Thread finished: Thread Group 1-43
2024-11-09 13:53:14,617 INFO o.a.j.t.JMeterThread: Stopping: Thread Group 1-42
2024-11-09 13:53:14,617 WARN o.a.j.t.JMeterThread: Interrupting: Thread Group 1-42 sampler: HTTP Request add a user
2024-11-09 13:53:14,617 INFO o.a.j.t.JMeterThread: Thread finished: Thread Group 1-5
2024-11-09 13:53:14,617 ERROR o.a.j.p.h.s.HTTPJavaImpl: readResponse: java.net.SocketException: Socket closed
2024-11-09 13:53:14,617 INFO o.a.j.t.JMeterThread: Stopping: Thread Group 1-47
2024-11-09 13:53:14,617 ERROR o.a.j.p.h.s.HTTPJavaImpl: readResponse: java.net.SocketException: Socket closed
2024-11-09 13:53:14,617 ERROR o.a.j.p.h.s.HTTPJavaImpl: Cause: java.net.SocketException: Socket closed
2024-11-09 13:53:14,617 INFO o.a.j.t.JMeterThread: Thread started: Thread Group 1-47
2024-11-09 13:53:14,617 ERROR o.a.j.p.h.s.HTTPJavaImpl: Cause: java.net.SocketException: Socket closed
2024-11-09 13:53:14,617 INFO o.a.j.t.JMeterThread: Thread finished: Thread Group 1-47
2024-11-09 13:53:14,617 INFO o.a.j.t.JMeterThread: Stopping: Thread Group 1-3
2024-11-09 13:53:14,617 WARN o.a.j.t.JMeterThread: Interrupting: Thread Group 1-3 sampler: HTTP Request add a user
2024-11-09 13:53:14,617 INFO o.a.j.t.JMeterThread: Thread finished: Thread Group 1-6
2024-11-09 13:53:14,617 INFO o.a.j.t.JMeterThread: Thread finished: Thread Group 1-42
2024-11-09 13:53:14,618 INFO o.a.j.t.JMeterThread: Stopping: Thread Group 1-18
2024-11-09 13:53:14,618 WARN o.a.j.t.JMeterThread: Interrupting: Thread Group 1-18 sampler: HTTP Request add a user
2024-11-09 13:53:14,618 ERROR o.a.j.p.h.s.HTTPJavaImpl: readResponse: java.net.SocketException: Socket closed
2024-11-09 13:53:14,618 ERROR o.a.j.p.h.s.HTTPJavaImpl: Cause: java.net.SocketException: Socket closed
2024-11-09 13:53:14,618 INFO o.a.j.t.JMeterThread: Stopping: Thread Group 1-1
2024-11-09 13:53:14,618 WARN o.a.j.t.JMeterThread: Interrupting: Thread Group 1-1 sampler: HTTP Request add a user
2024-11-09 13:53:14,618 INFO o.a.j.t.JMeterThread: Stopping: Thread Group 1-16
2024-11-09 13:53:14,618 INFO o.a.j.t.JMeterThread: Thread finished: Thread Group 1-3
2024-11-09 13:53:14,618 WARN o.a.j.t.JMeterThread: Interrupting: Thread Group 1-16 sampler: HTTP Request add a blog
2024-11-09 13:53:14,618 ERROR o.a.j.p.h.s.HTTPJavaImpl: readResponse: java.net.SocketException: Socket closed
2024-11-09 13:53:14,618 ERROR o.a.j.p.h.s.HTTPJavaImpl: readResponse: java.net.SocketException: Socket closed
2024-11-09 13:53:14,618 ERROR o.a.j.p.h.s.HTTPJavaImpl: Cause: java.net.SocketException: Socket closed
2024-11-09 13:53:14,618 ERROR o.a.j.p.h.s.HTTPJavaImpl: Cause: java.net.SocketException: Socket closed
2024-11-09 13:53:14,618 INFO o.a.j.t.JMeterThread: Thread finished: Thread Group 1-1
2024-11-09 13:53:14,618 INFO o.a.j.t.JMeterThread: Stopping: Thread Group 1-22
2024-11-09 13:53:14,618 WARN o.a.j.t.JMeterThread: Interrupting: Thread Group 1-22 sampler: HTTP Request add a user
2024-11-09 13:53:14,618 INFO o.a.j.t.JMeterThread: Thread finished: Thread Group 1-18
2024-11-09 13:53:14,618 INFO o.a.j.t.JMeterThread: Stopping: Thread Group 1-29
2024-11-09 13:53:14,618 WARN o.a.j.t.JMeterThread: Interrupting: Thread Group 1-29 sampler: HTTP Request add a user
2024-11-09 13:53:14,618 ERROR o.a.j.p.h.s.HTTPJavaImpl: readResponse: java.net.SocketException: Socket closed
2024-11-09 13:53:14,618 ERROR o.a.j.p.h.s.HTTPJavaImpl: Cause: java.net.SocketException: Socket closed
2024-11-09 13:53:14,618 INFO o.a.j.t.JMeterThread: Stopping: Thread Group 1-12
2024-11-09 13:53:14,618 WARN o.a.j.t.JMeterThread: Interrupting: Thread Group 1-12 sampler: HTTP Request add a blog
2024-11-09 13:53:14,618 INFO o.a.j.t.JMeterThread: Thread finished: Thread Group 1-22
2024-11-09 13:53:14,618 ERROR o.a.j.p.h.s.HTTPJavaImpl: readResponse: java.net.SocketException: Socket closed
2024-11-09 13:53:14,619 INFO o.a.j.t.JMeterThread: Thread finished: Thread Group 1-16
2024-11-09 13:53:14,619 INFO o.a.j.t.JMeterThread: Stopping: Thread Group 1-46
2024-11-09 13:53:14,619 ERROR o.a.j.p.h.s.HTTPJavaImpl: Cause: java.net.SocketException: Socket closed
2024-11-09 13:53:14,619 INFO o.a.j.t.JMeterThread: Thread finished: Thread Group 1-12
2024-11-09 13:53:14,619 INFO o.a.j.t.JMeterThread: Stopping: Thread Group 1-8
2024-11-09 13:53:14,619 INFO o.a.j.t.JMeterThread: Thread started: Thread Group 1-46
2024-11-09 13:53:14,619 INFO o.a.j.t.JMeterThread: Thread finished: Thread Group 1-29
2024-11-09 13:53:14,619 WARN o.a.j.t.JMeterThread: Interrupting: Thread Group 1-8 sampler: HTTP Request add a user
2024-11-09 13:53:14,619 INFO o.a.j.t.JMeterThread: Thread finished: Thread Group 1-46
2024-11-09 13:53:14,619 INFO o.a.j.t.JMeterThread: Stopping: Thread Group 1-24
2024-11-09 13:53:14,619 WARN o.a.j.t.JMeterThread: Interrupting: Thread Group 1-24 sampler: HTTP Request add a blog
2024-11-09 13:53:14,619 ERROR o.a.j.p.h.s.HTTPJavaImpl: readResponse: java.net.SocketException: Socket closed
2024-11-09 13:53:14,619 ERROR o.a.j.p.h.s.HTTPJavaImpl: Cause: java.net.SocketException: Socket closed
2024-11-09 13:53:14,619 INFO o.a.j.t.JMeterThread: Stopping: Thread Group 1-45
2024-11-09 13:53:14,619 WARN o.a.j.t.JMeterThread: Interrupting: Thread Group 1-45 sampler: HTTP Request add a user
2024-11-09 13:53:14,619 INFO o.a.j.t.JMeterThread: Thread finished: Thread Group 1-8
2024-11-09 13:53:14,619 INFO o.a.j.t.JMeterThread: Stopping: Thread Group 1-33
2024-11-09 13:53:14,620 ERROR o.a.j.p.h.s.HTTPJavaImpl: readResponse: java.net.SocketException: Socket closed
2024-11-09 13:53:14,620 WARN o.a.j.t.JMeterThread: Interrupting: Thread Group 1-33 sampler: HTTP Request add a user
2024-11-09 13:53:14,620 INFO o.a.j.t.JMeterThread: Thread finished: Thread Group 1-24
2024-11-09 13:53:14,620 ERROR o.a.j.p.h.s.HTTPJavaImpl: Cause: java.net.SocketException: Socket closed
2024-11-09 13:53:14,620 INFO o.a.j.t.JMeterThread: Stopping: Thread Group 1-44
2024-11-09 13:53:14,620 WARN o.a.j.t.JMeterThread: Interrupting: Thread Group 1-44 sampler: HTTP Request add a user
2024-11-09 13:53:14,620 ERROR o.a.j.p.h.s.HTTPJavaImpl: readResponse: java.net.SocketException: Socket closed
2024-11-09 13:53:14,622 INFO o.a.j.t.JMeterThread: Thread finished: Thread Group 1-45
2024-11-09 13:53:14,622 ERROR o.a.j.p.h.s.HTTPJavaImpl: Cause: java.net.SocketException: Socket closed
2024-11-09 13:53:14,622 INFO o.a.j.t.JMeterThread: Stopping: Thread Group 1-26
2024-11-09 13:53:14,622 WARN o.a.j.t.JMeterThread: Interrupting: Thread Group 1-26 sampler: HTTP Request add a user
2024-11-09 13:53:14,623 ERROR o.a.j.p.h.s.HTTPJavaImpl: readResponse: java.net.SocketException: Socket closed
2024-11-09 13:53:14,623 INFO o.a.j.t.JMeterThread: Thread finished: Thread Group 1-33
2024-11-09 13:53:14,623 ERROR o.a.j.p.h.s.HTTPJavaImpl: Cause: java.net.SocketException: Socket closed
2024-11-09 13:53:14,623 ERROR o.a.j.p.h.s.HTTPJavaImpl: readResponse: java.net.SocketException: Socket closed
2024-11-09 13:53:14,623 INFO o.a.j.t.JMeterThread: Stopping: Thread Group 1-32
2024-11-09 13:53:14,623 WARN o.a.j.t.JMeterThread: Interrupting: Thread Group 1-32 sampler: HTTP Request add a user
2024-11-09 13:53:14,623 ERROR o.a.j.p.h.s.HTTPJavaImpl: Cause: java.net.SocketException: Socket closed
2024-11-09 13:53:14,624 INFO o.a.j.t.JMeterThread: Stopping: Thread Group 1-19
2024-11-09 13:53:14,624 WARN o.a.j.t.JMeterThread: Interrupting: Thread Group 1-19 sampler: HTTP Request add a user
2024-11-09 13:53:14,624 INFO o.a.j.t.JMeterThread: Thread finished: Thread Group 1-26
2024-11-09 13:53:14,624 ERROR o.a.j.p.h.s.HTTPJavaImpl: readResponse: java.net.SocketException: Socket closed
2024-11-09 13:53:14,624 ERROR o.a.j.p.h.s.HTTPJavaImpl: Cause: java.net.SocketException: Socket closed
2024-11-09 13:53:14,624 INFO o.a.j.t.JMeterThread: Thread finished: Thread Group 1-32
2024-11-09 13:53:14,624 INFO o.a.j.t.JMeterThread: Stopping: Thread Group 1-37
2024-11-09 13:53:14,624 WARN o.a.j.t.JMeterThread: Interrupting: Thread Group 1-37 sampler: HTTP Request add a user
2024-11-09 13:53:14,624 ERROR o.a.j.p.h.s.HTTPJavaImpl: readResponse: java.net.SocketException: Socket closed
2024-11-09 13:53:14,624 ERROR o.a.j.p.h.s.HTTPJavaImpl: Cause: java.net.SocketException: Socket closed
2024-11-09 13:53:14,625 INFO o.a.j.t.JMeterThread: Thread finished: Thread Group 1-19
2024-11-09 13:53:14,624 INFO o.a.j.t.JMeterThread: Thread finished: Thread Group 1-44
2024-11-09 13:53:14,625 ERROR o.a.j.p.h.s.HTTPJavaImpl: readResponse: java.net.SocketException: Socket closed
2024-11-09 13:53:14,625 ERROR o.a.j.p.h.s.HTTPJavaImpl: Cause: java.net.SocketException: Socket closed
2024-11-09 13:53:14,625 INFO o.a.j.t.JMeterThread: Stopping: Thread Group 1-20
2024-11-09 13:53:14,625 INFO o.a.j.t.JMeterThread: Thread finished: Thread Group 1-37
2024-11-09 13:53:14,625 WARN o.a.j.t.JMeterThread: Interrupting: Thread Group 1-20 sampler: HTTP Request add a user
2024-11-09 13:53:14,625 INFO o.a.j.t.JMeterThread: Stopping: Thread Group 1-30
2024-11-09 13:53:14,626 WARN o.a.j.t.JMeterThread: Interrupting: Thread Group 1-30 sampler: HTTP Request add a user
2024-11-09 13:53:14,626 INFO o.a.j.t.JMeterThread: Stopping: Thread Group 1-15
2024-11-09 13:53:14,626 ERROR o.a.j.p.h.s.HTTPJavaImpl: readResponse: java.net.SocketException: Socket closed
2024-11-09 13:53:14,626 WARN o.a.j.t.JMeterThread: Interrupting: Thread Group 1-15 sampler: HTTP Request add a user
2024-11-09 13:53:14,626 ERROR o.a.j.p.h.s.HTTPJavaImpl: readResponse: java.net.SocketException: Socket closed
2024-11-09 13:53:14,626 ERROR o.a.j.p.h.s.HTTPJavaImpl: Cause: java.net.SocketException: Socket closed
2024-11-09 13:53:14,626 INFO o.a.j.t.JMeterThread: Stopping: Thread Group 1-13
2024-11-09 13:53:14,626 WARN o.a.j.t.JMeterThread: Interrupting: Thread Group 1-13 sampler: HTTP Request add a user
2024-11-09 13:53:14,626 ERROR o.a.j.p.h.s.HTTPJavaImpl: Cause: java.net.SocketException: Socket closed
2024-11-09 13:53:14,627 ERROR o.a.j.p.h.s.HTTPJavaImpl: readResponse: java.net.SocketException: Socket closed
2024-11-09 13:53:14,627 ERROR o.a.j.p.h.s.HTTPJavaImpl: Cause: java.net.SocketException: Socket closed
2024-11-09 13:53:14,627 INFO o.a.j.t.JMeterThread: Thread finished: Thread Group 1-30
2024-11-09 13:53:14,627 INFO o.a.j.t.JMeterThread: Thread finished: Thread Group 1-20
2024-11-09 13:53:14,627 INFO o.a.j.t.JMeterThread: Thread finished: Thread Group 1-15
2024-11-09 13:53:14,627 INFO o.a.j.t.JMeterThread: Stopping: Thread Group 1-48
2024-11-09 13:53:14,627 ERROR o.a.j.p.h.s.HTTPJavaImpl: readResponse: java.net.SocketException: Socket closed
2024-11-09 13:53:14,628 ERROR o.a.j.p.h.s.HTTPJavaImpl: Cause: java.net.SocketException: Socket closed
2024-11-09 13:53:14,627 INFO o.a.j.t.JMeterThread: Thread started: Thread Group 1-48
2024-11-09 13:53:14,628 INFO o.a.j.t.JMeterThread: Thread finished: Thread Group 1-48
2024-11-09 13:53:14,628 INFO o.a.j.t.JMeterThread: Thread finished: Thread Group 1-13
2024-11-09 13:53:14,629 INFO o.a.j.e.StandardJMeterEngine: Test stopped - no more thread groups will be started
2024-11-09 13:53:14,629 INFO o.a.j.e.StandardJMeterEngine: Notifying test listeners of end of test
2024-11-09 13:53:14,629 INFO o.a.j.s.FileServer: Close: /Users/kw/Downloads/testdata.csv
2024-11-09 13:53:14,629 INFO o.a.j.g.u.JMeterMenuBar: setRunning(false, *local*)
